<?xml version="1.0" encoding="UTF-8"?><testsuite errors="1" failures="0" name="Create one user in utest" skipped="0" tests="1" time="23.54" timestamp="2022-10-02 12:27:18"><testcase name="register user in the web page"><error message="Arity mismatch: Step Definition 'co.com.choucair.certification.proyectecni.stepdefinitions.stepdefinitions.complete_the_setup(String) in file:/C:/Users/drvgamer/Desktop/ProyectPruebatecn/build/classes/java/test/' with pattern [^Complete the setup$] is declared with 1 parameters. However, the gherkin step has 0 arguments []. &#10;Step text: Complete the setup" type="cucumber.runtime.CucumberException">Arity mismatch: Step Definition 'co.com.choucair.certification.proyectecni.stepdefinitions.stepdefinitions.complete_the_setup(String) in file:/C:/Users/drvgamer/Desktop/ProyectPruebatecn/build/classes/java/test/' with pattern [^Complete the setup$] is declared with 1 parameters. However, the gherkin step has 0 arguments []. 
Step text: Complete the setup</error><system-err>Arity mismatch: Step Definition 'co.com.choucair.certification.proyectecni.stepdefinitions.stepdefinitions.complete_the_setup(String) in file:/C:/Users/drvgamer/Desktop/ProyectPruebatecn/build/classes/java/test/' with pattern [^Complete the setup$] is declared with 1 parameters. However, the gherkin step has 0 arguments []. 
Step text: Complete the setup&#13;
cucumber.runner.Runner.runPickle(Runner.java:80)&#13;
</system-err></testcase></testsuite>